-- ASN.1 Compiler, v0.9.22
-- Copyright (c) 2003, 2004, 2005, 2006 Lev Walkin <vlm@lionet.info>
Compiled GPRSCallEventRecord-3GPP32251V860.c
Compiled GPRSCallEventRecord-3GPP32251V860.h
Compiled GGSNMBMSRecord-3GPP32251V860.c
Compiled GGSNMBMSRecord-3GPP32251V860.h
Compiled SGWRecord-3GPP32251V860.c
Compiled SGWRecord-3GPP32251V860.h
Compiled PGWRecord-3GPP32251V860.c
Compiled PGWRecord-3GPP32251V860.h
Compiled MBMSInformation.c
Compiled MBMSInformation.h
Compiled TMGI.c
Compiled TMGI.h
Compiled MBMSSessionIdentity.c
Compiled MBMSSessionIdentity.h
Compiled MBMSServiceType.c
Compiled MBMSServiceType.h
Compiled MBMSUserServiceType.c
Compiled MBMSUserServiceType.h
Compiled MBMS2G3GIndicator.c
Compiled MBMS2G3GIndicator.h
Compiled MBMSServiceArea.c
Compiled MBMSServiceArea.h
Compiled RequiredMBMSBearerCapabilities.c
Compiled RequiredMBMSBearerCapabilities.h
Compiled AccessPointNameNI.c
Compiled AccessPointNameNI.h
Compiled AccessPointNameOI.c
Compiled AccessPointNameOI.h
Compiled APNSelectionMode.c
Compiled APNSelectionMode.h
Compiled CAMELAccessPointNameNI.c
Compiled CAMELAccessPointNameNI.h
Compiled CAMELAccessPointNameOI.c
Compiled CAMELAccessPointNameOI.h
Compiled CAMELInformationMM.c
Compiled CAMELInformationMM.h
Compiled CAMELInformationPDP.c
Compiled CAMELInformationPDP.h
Compiled CAMELInformationSMS.c
Compiled CAMELInformationSMS.h
Compiled LevelOfCAMELService.c
Compiled LevelOfCAMELService.h
Compiled CauseForRecClosing.c
Compiled CauseForRecClosing.h
Compiled ChangeCondition.c
Compiled ChangeCondition.h
Compiled ChangeOfCharCondition.c
Compiled ChangeOfCharCondition.h
Compiled ChangeOfCharConditions.c
Compiled ChangeOfCharConditions.h
Compiled ChangeLocation.c
Compiled ChangeLocation.h
Compiled ChargingCharacteristics.c
Compiled ChargingCharacteristics.h
Compiled ChargingCharacteristics-3GPP32015V330.c
Compiled ChargingCharacteristics-3GPP32015V330.h
Compiled ChargingID.c
Compiled ChargingID.h
Compiled ChChSelectionMode.c
Compiled ChChSelectionMode.h
Compiled DataVolumeGPRS.c
Compiled DataVolumeGPRS.h
Compiled DefaultGPRS-Handling.c
Compiled DefaultGPRS-Handling.h
Compiled DefaultSMS-Handling.c
Compiled DefaultSMS-Handling.h
Compiled DynamicAddressFlag.c
Compiled DynamicAddressFlag.h
Compiled EPCQoSInformation.c
Compiled EPCQoSInformation.h
Compiled ETSIAddress.c
Compiled ETSIAddress.h
Compiled FFDAppendIndicator.c
Compiled FFDAppendIndicator.h
Compiled FreeFormatData.c
Compiled FreeFormatData.h
Compiled GSNAddress.c
Compiled GSNAddress.h
Compiled GSMQoSInformation.c
Compiled GSMQoSInformation.h
Compiled IPAddress.c
Compiled IPAddress.h
Compiled IPBinaryAddress.c
Compiled IPBinaryAddress.h
Compiled IPTextRepresentedAddress.c
Compiled IPTextRepresentedAddress.h
Compiled LocalSequenceNumber.c
Compiled LocalSequenceNumber.h
Compiled MSNetworkCapability-3GPP32015V330.c
Compiled MSNetworkCapability-3GPP32015V330.h
Compiled MSNetworkCapability.c
Compiled MSNetworkCapability.h
Compiled NetworkInitiatedPDPContext.c
Compiled NetworkInitiatedPDPContext.h
Compiled NodeID.c
Compiled NodeID.h
Compiled PDPAddress.c
Compiled PDPAddress.h
Compiled PDPType.c
Compiled PDPType.h
Compiled PLMN-Id.c
Compiled PLMN-Id.h
Compiled QoSDelay.c
Compiled QoSDelay.h
Compiled QoSInformation.c
Compiled QoSInformation.h
Compiled QoSInformations.c
Compiled QoSInformations.h
Compiled QoSMeanThroughput.c
Compiled QoSMeanThroughput.h
Compiled QoSPeakThroughput.c
Compiled QoSPeakThroughput.h
Compiled QoSPrecedence.c
Compiled QoSPrecedence.h
Compiled QoSReliability.c
Compiled QoSReliability.h
Compiled RoutingAreaCode.c
Compiled RoutingAreaCode.h
Compiled SCFAddress.c
Compiled SCFAddress.h
Compiled ServiceKey.c
Compiled ServiceKey.h
Compiled NumberOfDPEncountered.c
Compiled NumberOfDPEncountered.h
Compiled SGSNChange.c
Compiled SGSNChange.h
Compiled SystemType.c
Compiled SystemType.h
Compiled RecordType.c
Compiled RecordType.h
Compiled CalledNumber.c
Compiled CalledNumber.h
Compiled CallingNumber.c
Compiled CallingNumber.h
Compiled BCDDirectoryNumber.c
Compiled BCDDirectoryNumber.h
Compiled SMSResult.c
Compiled SMSResult.h
Compiled Diagnostics.c
Compiled Diagnostics.h
Compiled MessageReference.c
Compiled MessageReference.h
Compiled RecordingEntity.c
Compiled RecordingEntity.h
Compiled CellId.c
Compiled CellId.h
Compiled LocationAreaCode.c
Compiled LocationAreaCode.h
Compiled CallDuration.c
Compiled CallDuration.h
Compiled ManagementExtensions.c
Compiled ManagementExtensions.h
Compiled TimeStamp.c
Compiled TimeStamp.h
Compiled MSISDN.c
Compiled MSISDN.h
Compiled IMEI.c
Compiled IMEI.h
Compiled IMSI.c
Compiled IMSI.h
Compiled ManagementExtension.c
Compiled ManagementExtension.h
Compiled ContentInfo.c
Compiled ContentInfo.h
Compiled ServiceEvent.c
Compiled ServiceEvent.h
Compiled ProfileID.c
Compiled ProfileID.h
Compiled AddressString.c
Compiled AddressString.h
Compiled ISDN-AddressString.c
Compiled ISDN-AddressString.h
Compiled TBCD-STRING.c
Compiled TBCD-STRING.h
Compiled RATType.c
Compiled RATType.h
Compiled PSFurnishChargingInformation.c
Compiled PSFurnishChargingInformation.h
Compiled MSTimeZone.c
Compiled MSTimeZone.h
Compiled ChangeOfServiceCondition.c
Compiled ChangeOfServiceCondition.h
Compiled RatingGroupId.c
Compiled RatingGroupId.h
Compiled ChargingRuleBaseName.c
Compiled ChargingRuleBaseName.h
Compiled ResultCode.c
Compiled ResultCode.h
Compiled ServiceConditionChange.c
Compiled ServiceConditionChange.h
Compiled FailureHandlingContinue.c
Compiled FailureHandlingContinue.h
Compiled ServiceIdentifier.c
Compiled ServiceIdentifier.h
Compiled AFChargingIdentifier.c
Compiled AFChargingIdentifier.h
Compiled AFRecordInformation.c
Compiled AFRecordInformation.h
Compiled ChangeOfMBMSCondition.c
Compiled ChangeOfMBMSCondition.h
Compiled CallReferenceNumber.c
Compiled CallReferenceNumber.h
Compiled DataVolumeMBMS.c
Compiled DataVolumeMBMS.h
Compiled EventBasedChargingInformation.c
Compiled EventBasedChargingInformation.h
Compiled Flows.c
Compiled Flows.h
Compiled PositionMethodFailure-Diagnostic.c
Compiled PositionMethodFailure-Diagnostic.h
Compiled SmsTpDestinationNumber.c
Compiled SmsTpDestinationNumber.h
Compiled TimeQuotaMechanism.c
Compiled TimeQuotaMechanism.h
Compiled TimeQuotaType.c
Compiled TimeQuotaType.h
Compiled UnauthorizedLCSClient-Diagnostic.c
Compiled UnauthorizedLCSClient-Diagnostic.h
Compiled TmoTimeStamp.c
Compiled TmoTimeStamp.h
Compiled TmoCallDuration.c
Compiled TmoCallDuration.h
Compiled ChangeTimeEvent.c
Compiled ChangeTimeEvent.h
Compiled ServingNodeType.c
Compiled ServingNodeType.h
Compiled SGWChange.c
Compiled SGWChange.h
Compiled SubscriptionID.c
Compiled SubscriptionID.h
Compiled SubscriptionIDType.c
Compiled SubscriptionIDType.h
Symlinked /skeletons/UTF8String.h	-> UTF8String.h
Symlinked /skeletons/BOOLEAN.h	-> BOOLEAN.h
Symlinked /skeletons/BOOLEAN.c	-> BOOLEAN.c
Symlinked /skeletons/INTEGER.h	-> INTEGER.h
Symlinked /skeletons/NativeEnumerated.h	-> NativeEnumerated.h
Symlinked /skeletons/IA5String.h	-> IA5String.h
Symlinked /skeletons/IA5String.c	-> IA5String.c
Symlinked /skeletons/INTEGER.c	-> INTEGER.c
Symlinked /skeletons/NULL.h	-> NULL.h
Symlinked /skeletons/NULL.c	-> NULL.c
Symlinked /skeletons/NativeEnumerated.c	-> NativeEnumerated.c
Symlinked /skeletons/NativeInteger.h	-> NativeInteger.h
Symlinked /skeletons/NativeInteger.c	-> NativeInteger.c
Symlinked /skeletons/OBJECT_IDENTIFIER.h	-> OBJECT_IDENTIFIER.h
Symlinked /skeletons/OBJECT_IDENTIFIER.c	-> OBJECT_IDENTIFIER.c
Symlinked /skeletons/UTF8String.c	-> UTF8String.c
Symlinked /skeletons/asn_SEQUENCE_OF.h	-> asn_SEQUENCE_OF.h
Symlinked /skeletons/asn_SEQUENCE_OF.c	-> asn_SEQUENCE_OF.c
Symlinked /skeletons/asn_SET_OF.h	-> asn_SET_OF.h
Symlinked /skeletons/asn_SET_OF.c	-> asn_SET_OF.c
Symlinked /skeletons/constr_CHOICE.h	-> constr_CHOICE.h
Symlinked /skeletons/constr_CHOICE.c	-> constr_CHOICE.c
Symlinked /skeletons/constr_SEQUENCE.h	-> constr_SEQUENCE.h
Symlinked /skeletons/constr_SEQUENCE.c	-> constr_SEQUENCE.c
Symlinked /skeletons/constr_SEQUENCE_OF.h	-> constr_SEQUENCE_OF.h
Symlinked /skeletons/constr_SEQUENCE_OF.c	-> constr_SEQUENCE_OF.c
Symlinked /skeletons/constr_SET_OF.h	-> constr_SET_OF.h
Symlinked /skeletons/constr_SET.h	-> constr_SET.h
Symlinked /skeletons/constr_SET.c	-> constr_SET.c
Symlinked /skeletons/constr_SET_OF.c	-> constr_SET_OF.c
Symlinked /skeletons/asn_application.h	-> asn_application.h
Symlinked /skeletons/asn_system.h	-> asn_system.h
Symlinked /skeletons/asn_codecs.h	-> asn_codecs.h
Symlinked /skeletons/asn_internal.h	-> asn_internal.h
Symlinked /skeletons/OCTET_STRING.h	-> OCTET_STRING.h
Symlinked /skeletons/OCTET_STRING.c	-> OCTET_STRING.c
Symlinked /skeletons/BIT_STRING.h	-> BIT_STRING.h
Symlinked /skeletons/BIT_STRING.c	-> BIT_STRING.c
Symlinked /skeletons/asn_codecs_prim.c	-> asn_codecs_prim.c
Symlinked /skeletons/asn_codecs_prim.h	-> asn_codecs_prim.h
Symlinked /skeletons/ber_tlv_length.h	-> ber_tlv_length.h
Symlinked /skeletons/ber_tlv_length.c	-> ber_tlv_length.c
Symlinked /skeletons/ber_tlv_tag.h	-> ber_tlv_tag.h
Symlinked /skeletons/ber_tlv_tag.c	-> ber_tlv_tag.c
Symlinked /skeletons/ber_decoder.h	-> ber_decoder.h
Symlinked /skeletons/ber_decoder.c	-> ber_decoder.c
Symlinked /skeletons/der_encoder.h	-> der_encoder.h
Symlinked /skeletons/der_encoder.c	-> der_encoder.c
Symlinked /skeletons/constr_TYPE.h	-> constr_TYPE.h
Symlinked /skeletons/constr_TYPE.c	-> constr_TYPE.c
Symlinked /skeletons/constraints.h	-> constraints.h
Symlinked /skeletons/constraints.c	-> constraints.c
Symlinked /skeletons/xer_support.h	-> xer_support.h
Symlinked /skeletons/xer_support.c	-> xer_support.c
Symlinked /skeletons/xer_decoder.h	-> xer_decoder.h
Symlinked /skeletons/xer_decoder.c	-> xer_decoder.c
Symlinked /skeletons/xer_encoder.h	-> xer_encoder.h
Symlinked /skeletons/xer_encoder.c	-> xer_encoder.c
Symlinked /skeletons/per_support.h	-> per_support.h
Symlinked /skeletons/per_support.c	-> per_support.c
Symlinked /skeletons/per_decoder.h	-> per_decoder.h
Symlinked /skeletons/per_decoder.c	-> per_decoder.c
Symlinked /skeletons/per_encoder.h	-> per_encoder.h
Symlinked /skeletons/per_encoder.c	-> per_encoder.c
Symlinked /skeletons/per_opentype.h	-> per_opentype.h
Symlinked /skeletons/per_opentype.c	-> per_opentype.c
Symlinked /skeletons/converter-sample.c	-> converter-sample.c
Generated Makefile.am.sample
